# JRE version: Java(TM) SE Runtime Environment (8.0_291-b10) (build 1.8.0_291-b10)
# Java VM: Java HotSpot(TM) 64-Bit Server VM (25.291-b10 mixed mode windows-amd64 compressed oops)
Heap:
 PSYoungGen      total 159744K, used 123711K [0x00000000f5580000, 0x0000000100000000, 0x0000000100000000)
  eden space 143872K, 85% used [0x00000000f5580000,0x00000000fce4ffc8,0x00000000fe200000)
  from space 15872K, 0% used [0x00000000ff080000,0x00000000ff080000,0x0000000100000000)
  to   space 14848K, 0% used [0x00000000fe200000,0x00000000fe200000,0x00000000ff080000)
 ParOldGen       total 175104K, used 16703K [0x00000000e0000000, 0x00000000eab00000, 0x00000000f5580000)
  object space 175104K, 9% used [0x00000000e0000000,0x00000000e104fc60,0x00000000eab00000)
 Metaspace       used 37644K, capacity 39308K, committed 39552K, reserved 1083392K
  class space    used 5313K, capacity 5720K, committed 5760K, reserved 1048576K
GC Heap History (10 events):
Event: 3.278 GC heap before
{Heap before GC invocations=4 (full 0):
 PSYoungGen      total 76288K, used 31696K [0x00000000f5580000, 0x00000000fea80000, 0x0000000100000000)
  eden space 65536K, 31% used [0x00000000f5580000,0x00000000f69f9fc0,0x00000000f9580000)
  from space 10752K, 99% used [0x00000000f9580000,0x00000000f9ffa060,0x00000000fa000000)
  to   space 10752K, 0% used [0x00000000fe000000,0x00000000fe000000,0x00000000fea80000)
 ParOldGen       total 175104K, used 591K [0x00000000e0000000, 0x00000000eab00000, 0x00000000f5580000)
  object space 175104K, 0% used [0x00000000e0000000,0x00000000e0093cd0,0x00000000eab00000)
 Metaspace       used 20465K, capacity 21098K, committed 21248K, reserved 1067008K
  class space    used 3037K, capacity 3233K, committed 3328K, reserved 1048576K
Event: 3.287 GC heap after
Heap after GC invocations=4 (full 0):
 PSYoungGen      total 141824K, used 8286K [0x00000000f5580000, 0x00000000fea80000, 0x0000000100000000)
  eden space 131072K, 0% used [0x00000000f5580000,0x00000000f5580000,0x00000000fd580000)
  from space 10752K, 77% used [0x00000000fe000000,0x00000000fe8179d8,0x00000000fea80000)
  to   space 10752K, 0% used [0x00000000fd580000,0x00000000fd580000,0x00000000fe000000)
 ParOldGen       total 175104K, used 599K [0x00000000e0000000, 0x00000000eab00000, 0x00000000f5580000)
  object space 175104K, 0% used [0x00000000e0000000,0x00000000e0095cd0,0x00000000eab00000)
 Metaspace       used 20465K, capacity 21098K, committed 21248K, reserved 1067008K
  class space    used 3037K, capacity 3233K, committed 3328K, reserved 1048576K
}
Event: 3.287 GC heap before
{Heap before GC invocations=5 (full 1):
 PSYoungGen      total 141824K, used 8286K [0x00000000f5580000, 0x00000000fea80000, 0x0000000100000000)
  eden space 131072K, 0% used [0x00000000f5580000,0x00000000f5580000,0x00000000fd580000)
  from space 10752K, 77% used [0x00000000fe000000,0x00000000fe8179d8,0x00000000fea80000)
  to   space 10752K, 0% used [0x00000000fd580000,0x00000000fd580000,0x00000000fe000000)
 ParOldGen       total 175104K, used 599K [0x00000000e0000000, 0x00000000eab00000, 0x00000000f5580000)
  object space 175104K, 0% used [0x00000000e0000000,0x00000000e0095cd0,0x00000000eab00000)
 Metaspace       used 20465K, capacity 21098K, committed 21248K, reserved 1067008K
  class space    used 3037K, capacity 3233K, committed 3328K, reserved 1048576K
Event: 3.336 GC heap after
Heap after GC invocations=5 (full 1):
 PSYoungGen      total 141824K, used 0K [0x00000000f5580000, 0x00000000fea80000, 0x0000000100000000)
  eden space 131072K, 0% used [0x00000000f5580000,0x00000000f5580000,0x00000000fd580000)
  from space 10752K, 0% used [0x00000000fe000000,0x00000000fe000000,0x00000000fea80000)
  to   space 10752K, 0% used [0x00000000fd580000,0x00000000fd580000,0x00000000fe000000)
 ParOldGen       total 175104K, used 8116K [0x00000000e0000000, 0x00000000eab00000, 0x00000000f5580000)
  object space 175104K, 4% used [0x00000000e0000000,0x00000000e07ed1c8,0x00000000eab00000)
 Metaspace       used 20465K, capacity 21098K, committed 21248K, reserved 1067008K
  class space    used 3037K, capacity 3233K, committed 3328K, reserved 1048576K
}
Event: 8.052 GC heap before
{Heap before GC invocations=6 (full 1):
 PSYoungGen      total 141824K, used 131072K [0x00000000f5580000, 0x00000000fea80000, 0x0000000100000000)
  eden space 131072K, 100% used [0x00000000f5580000,0x00000000fd580000,0x00000000fd580000)
  from space 10752K, 0% used [0x00000000fe000000,0x00000000fe000000,0x00000000fea80000)
  to   space 10752K, 0% used [0x00000000fd580000,0x00000000fd580000,0x00000000fe000000)
 ParOldGen       total 175104K, used 8116K [0x00000000e0000000, 0x00000000eab00000, 0x00000000f5580000)
  object space 175104K, 4% used [0x00000000e0000000,0x00000000e07ed1c8,0x00000000eab00000)
 Metaspace       used 32552K, capacity 33604K, committed 33920K, reserved 1079296K
  class space    used 4651K, capacity 4921K, committed 4992K, reserved 1048576K
Event: 8.091 GC heap after
Heap after GC invocations=6 (full 1):
 PSYoungGen      total 141824K, used 10730K [0x00000000f5580000, 0x0000000100000000, 0x0000000100000000)
  eden space 131072K, 0% used [0x00000000f5580000,0x00000000f5580000,0x00000000fd580000)
  from space 10752K, 99% used [0x00000000fd580000,0x00000000fdffa9b8,0x00000000fe000000)
  to   space 15872K, 0% used [0x00000000ff080000,0x00000000ff080000,0x0000000100000000)
 ParOldGen       total 175104K, used 12368K [0x00000000e0000000, 0x00000000eab00000, 0x00000000f5580000)
  object space 175104K, 7% used [0x00000000e0000000,0x00000000e0c14268,0x00000000eab00000)
 Metaspace       used 32552K, capacity 33604K, committed 33920K, reserved 1079296K
  class space    used 4651K, capacity 4921K, committed 4992K, reserved 1048576K
}
Event: 8.420 GC heap before
{Heap before GC invocations=7 (full 1):
 PSYoungGen      total 141824K, used 46017K [0x00000000f5580000, 0x0000000100000000, 0x0000000100000000)
  eden space 131072K, 26% used [0x00000000f5580000,0x00000000f77f5d38,0x00000000fd580000)
  from space 10752K, 99% used [0x00000000fd580000,0x00000000fdffa9b8,0x00000000fe000000)
  to   space 15872K, 0% used [0x00000000ff080000,0x00000000ff080000,0x0000000100000000)
 ParOldGen       total 175104K, used 12368K [0x00000000e0000000, 0x00000000eab00000, 0x00000000f5580000)
  object space 175104K, 7% used [0x00000000e0000000,0x00000000e0c14268,0x00000000eab00000)
 Metaspace       used 34195K, capacity 35344K, committed 35416K, reserved 1079296K
  class space    used 4825K, capacity 5108K, committed 5120K, reserved 1048576K
Event: 8.440 GC heap after
Heap after GC invocations=7 (full 1):
 PSYoungGen      total 159744K, used 9957K [0x00000000f5580000, 0x0000000100000000, 0x0000000100000000)
  eden space 143872K, 0% used [0x00000000f5580000,0x00000000f5580000,0x00000000fe200000)
  from space 15872K, 62% used [0x00000000ff080000,0x00000000ffa397f8,0x0000000100000000)
  to   space 14848K, 0% used [0x00000000fe200000,0x00000000fe200000,0x00000000ff080000)
 ParOldGen       total 175104K, used 12376K [0x00000000e0000000, 0x00000000eab00000, 0x00000000f5580000)
  object space 175104K, 7% used [0x00000000e0000000,0x00000000e0c16268,0x00000000eab00000)
 Metaspace       used 34195K, capacity 35344K, committed 35416K, reserved 1079296K
  class space    used 4825K, capacity 5108K, committed 5120K, reserved 1048576K
}
Event: 8.440 GC heap before
{Heap before GC invocations=8 (full 2):
 PSYoungGen      total 159744K, used 9957K [0x00000000f5580000, 0x0000000100000000, 0x0000000100000000)
  eden space 143872K, 0% used [0x00000000f5580000,0x00000000f5580000,0x00000000fe200000)
  from space 15872K, 62% used [0x00000000ff080000,0x00000000ffa397f8,0x0000000100000000)
  to   space 14848K, 0% used [0x00000000fe200000,0x00000000fe200000,0x00000000ff080000)
 ParOldGen       total 175104K, used 12376K [0x00000000e0000000, 0x00000000eab00000, 0x00000000f5580000)
  object space 175104K, 7% used [0x00000000e0000000,0x00000000e0c16268,0x00000000eab00000)
 Metaspace       used 34195K, capacity 35344K, committed 35416K, reserved 1079296K
  class space    used 4825K, capacity 5108K, committed 5120K, reserved 1048576K
Event: 8.532 GC heap after
Heap after GC invocations=8 (full 2):
 PSYoungGen      total 159744K, used 0K [0x00000000f5580000, 0x0000000100000000, 0x0000000100000000)
  eden space 143872K, 0% used [0x00000000f5580000,0x00000000f5580000,0x00000000fe200000)
  from space 15872K, 0% used [0x00000000ff080000,0x00000000ff080000,0x0000000100000000)
  to   space 14848K, 0% used [0x00000000fe200000,0x00000000fe200000,0x00000000ff080000)
 ParOldGen       total 175104K, used 16703K [0x00000000e0000000, 0x00000000eab00000, 0x00000000f5580000)
  object space 175104K, 9% used [0x00000000e0000000,0x00000000e104fc60,0x00000000eab00000)
 Metaspace       used 34195K, capacity 35344K, committed 35416K, reserved 1079296K
  class space    used 4825K, capacity 5108K, committed 5120K, reserved 1048576K
}

